11:20:01,160  INFO Version:45 - HHH000412: Hibernate Core {5.2.9.Final}
11:20:01,160  INFO Environment:213 - HHH000206: hibernate.properties not found
11:20:01,204  WARN deprecation:91 - HHH90000012: Recognized obsolete hibernate namespace http://hibernate.sourceforge.net/hibernate-configuration. Use namespace http://www.hibernate.org/dtd/hibernate-configuration instead.  Support for obsolete DTD/XSD namespaces may be removed at any time.
11:20:01,438  INFO SpatialService:43 - HHH80000001: hibernate-spatial integration enabled : true
11:20:01,485  INFO Version:66 - HCANN000001: Hibernate Commons Annotations {5.0.1.Final}
11:20:01,501  WARN deprecation:75 - HHH90000012: Recognized obsolete hibernate namespace http://hibernate.sourceforge.net/hibernate-mapping. Use namespace http://www.hibernate.org/dtd/hibernate-mapping instead.  Support for obsolete DTD/XSD namespaces may be removed at any time.
11:20:02,813 DEBUG BasicTypeRegistry:145 - Adding type registration boolean -> org.hibernate.type.BooleanType@4738a206
11:20:02,813 DEBUG BasicTypeRegistry:145 - Adding type registration boolean -> org.hibernate.type.BooleanType@4738a206
11:20:02,822 DEBUG BasicTypeRegistry:145 - Adding type registration java.lang.Boolean -> org.hibernate.type.BooleanType@4738a206
11:20:02,823 DEBUG BasicTypeRegistry:145 - Adding type registration numeric_boolean -> org.hibernate.type.NumericBooleanType@618425b5
11:20:02,824 DEBUG BasicTypeRegistry:145 - Adding type registration true_false -> org.hibernate.type.TrueFalseType@7c24b813
11:20:02,824 DEBUG BasicTypeRegistry:145 - Adding type registration yes_no -> org.hibernate.type.YesNoType@21e360a
11:20:02,824 DEBUG BasicTypeRegistry:145 - Adding type registration byte -> org.hibernate.type.ByteType@6fd83fc1
11:20:02,824 DEBUG BasicTypeRegistry:145 - Adding type registration byte -> org.hibernate.type.ByteType@6fd83fc1
11:20:02,824 DEBUG BasicTypeRegistry:145 - Adding type registration java.lang.Byte -> org.hibernate.type.ByteType@6fd83fc1
11:20:02,824 DEBUG BasicTypeRegistry:145 - Adding type registration character -> org.hibernate.type.CharacterType@1b2abca6
11:20:02,824 DEBUG BasicTypeRegistry:145 - Adding type registration char -> org.hibernate.type.CharacterType@1b2abca6
11:20:02,824 DEBUG BasicTypeRegistry:145 - Adding type registration java.lang.Character -> org.hibernate.type.CharacterType@1b2abca6
11:20:02,824 DEBUG BasicTypeRegistry:145 - Adding type registration short -> org.hibernate.type.ShortType@593aaf41
11:20:02,824 DEBUG BasicTypeRegistry:145 - Adding type registration short -> org.hibernate.type.ShortType@593aaf41
11:20:02,824 DEBUG BasicTypeRegistry:145 - Adding type registration java.lang.Short -> org.hibernate.type.ShortType@593aaf41
11:20:02,824 DEBUG BasicTypeRegistry:145 - Adding type registration integer -> org.hibernate.type.IntegerType@37d4349f
11:20:02,824 DEBUG BasicTypeRegistry:145 - Adding type registration int -> org.hibernate.type.IntegerType@37d4349f
11:20:02,824 DEBUG BasicTypeRegistry:145 - Adding type registration java.lang.Integer -> org.hibernate.type.IntegerType@37d4349f
11:20:02,824 DEBUG BasicTypeRegistry:145 - Adding type registration long -> org.hibernate.type.LongType@3c7f66c4
11:20:02,824 DEBUG BasicTypeRegistry:145 - Adding type registration long -> org.hibernate.type.LongType@3c7f66c4
11:20:02,824 DEBUG BasicTypeRegistry:145 - Adding type registration java.lang.Long -> org.hibernate.type.LongType@3c7f66c4
11:20:02,840 DEBUG BasicTypeRegistry:145 - Adding type registration float -> org.hibernate.type.FloatType@3e11f9e9
11:20:02,840 DEBUG BasicTypeRegistry:145 - Adding type registration float -> org.hibernate.type.FloatType@3e11f9e9
11:20:02,840 DEBUG BasicTypeRegistry:145 - Adding type registration java.lang.Float -> org.hibernate.type.FloatType@3e11f9e9
11:20:02,840 DEBUG BasicTypeRegistry:145 - Adding type registration double -> org.hibernate.type.DoubleType@4dbb42b7
11:20:02,840 DEBUG BasicTypeRegistry:145 - Adding type registration double -> org.hibernate.type.DoubleType@4dbb42b7
11:20:02,840 DEBUG BasicTypeRegistry:145 - Adding type registration java.lang.Double -> org.hibernate.type.DoubleType@4dbb42b7
11:20:02,840 DEBUG BasicTypeRegistry:145 - Adding type registration big_decimal -> org.hibernate.type.BigDecimalType@3cebbb30
11:20:02,840 DEBUG BasicTypeRegistry:145 - Adding type registration java.math.BigDecimal -> org.hibernate.type.BigDecimalType@3cebbb30
11:20:02,840 DEBUG BasicTypeRegistry:145 - Adding type registration big_integer -> org.hibernate.type.BigIntegerType@49049a04
11:20:02,840 DEBUG BasicTypeRegistry:145 - Adding type registration java.math.BigInteger -> org.hibernate.type.BigIntegerType@49049a04
11:20:02,840 DEBUG BasicTypeRegistry:145 - Adding type registration string -> org.hibernate.type.StringType@51e69659
11:20:02,840 DEBUG BasicTypeRegistry:145 - Adding type registration java.lang.String -> org.hibernate.type.StringType@51e69659
11:20:02,840 DEBUG BasicTypeRegistry:145 - Adding type registration nstring -> org.hibernate.type.StringNVarcharType@54a7079e
11:20:02,840 DEBUG BasicTypeRegistry:145 - Adding type registration ncharacter -> org.hibernate.type.CharacterNCharType@1b11171f
11:20:02,856 DEBUG BasicTypeRegistry:145 - Adding type registration url -> org.hibernate.type.UrlType@4b0d79fc
11:20:02,856 DEBUG BasicTypeRegistry:145 - Adding type registration java.net.URL -> org.hibernate.type.UrlType@4b0d79fc
11:20:02,856 DEBUG BasicTypeRegistry:145 - Adding type registration Duration -> org.hibernate.type.DurationType@29215f06
11:20:02,856 DEBUG BasicTypeRegistry:145 - Adding type registration java.time.Duration -> org.hibernate.type.DurationType@29215f06
11:20:02,871 DEBUG BasicTypeRegistry:145 - Adding type registration Instant -> org.hibernate.type.InstantType@5e600dd5
11:20:02,871 DEBUG BasicTypeRegistry:145 - Adding type registration java.time.Instant -> org.hibernate.type.InstantType@5e600dd5
11:20:02,871 DEBUG BasicTypeRegistry:145 - Adding type registration LocalDateTime -> org.hibernate.type.LocalDateTimeType@4d5650ae
11:20:02,871 DEBUG BasicTypeRegistry:145 - Adding type registration java.time.LocalDateTime -> org.hibernate.type.LocalDateTimeType@4d5650ae
11:20:02,887 DEBUG BasicTypeRegistry:145 - Adding type registration LocalDate -> org.hibernate.type.LocalDateType@3012646b
11:20:02,887 DEBUG BasicTypeRegistry:145 - Adding type registration java.time.LocalDate -> org.hibernate.type.LocalDateType@3012646b
11:20:02,887 DEBUG BasicTypeRegistry:145 - Adding type registration LocalTime -> org.hibernate.type.LocalTimeType@18df8434
11:20:02,887 DEBUG BasicTypeRegistry:145 - Adding type registration java.time.LocalTime -> org.hibernate.type.LocalTimeType@18df8434
11:20:02,887 DEBUG BasicTypeRegistry:145 - Adding type registration OffsetDateTime -> org.hibernate.type.OffsetDateTimeType@1e0b4072
11:20:02,887 DEBUG BasicTypeRegistry:145 - Adding type registration java.time.OffsetDateTime -> org.hibernate.type.OffsetDateTimeType@1e0b4072
11:20:02,887 DEBUG BasicTypeRegistry:145 - Adding type registration OffsetTime -> org.hibernate.type.OffsetTimeType@e350b40
11:20:02,887 DEBUG BasicTypeRegistry:145 - Adding type registration java.time.OffsetTime -> org.hibernate.type.OffsetTimeType@e350b40
11:20:02,902 DEBUG BasicTypeRegistry:145 - Adding type registration ZonedDateTime -> org.hibernate.type.ZonedDateTimeType@738dc9b
11:20:02,902 DEBUG BasicTypeRegistry:145 - Adding type registration java.time.ZonedDateTime -> org.hibernate.type.ZonedDateTimeType@738dc9b
11:20:02,902 DEBUG BasicTypeRegistry:145 - Adding type registration date -> org.hibernate.type.DateType@3646a422
11:20:02,902 DEBUG BasicTypeRegistry:145 - Adding type registration java.sql.Date -> org.hibernate.type.DateType@3646a422
11:20:02,902 DEBUG BasicTypeRegistry:145 - Adding type registration time -> org.hibernate.type.TimeType@298a5e20
11:20:02,902 DEBUG BasicTypeRegistry:145 - Adding type registration java.sql.Time -> org.hibernate.type.TimeType@298a5e20
11:20:02,902 DEBUG BasicTypeRegistry:145 - Adding type registration timestamp -> org.hibernate.type.TimestampType@26d9b808
11:20:02,902 DEBUG BasicTypeRegistry:145 - Adding type registration java.sql.Timestamp -> org.hibernate.type.TimestampType@26d9b808
11:20:02,902 DEBUG BasicTypeRegistry:145 - Adding type registration java.util.Date -> org.hibernate.type.TimestampType@26d9b808
11:20:02,918 DEBUG BasicTypeRegistry:145 - Adding type registration dbtimestamp -> org.hibernate.type.DbTimestampType@7526515b
11:20:02,918 DEBUG BasicTypeRegistry:145 - Adding type registration calendar -> org.hibernate.type.CalendarType@11392934
11:20:02,918 DEBUG BasicTypeRegistry:145 - Adding type registration java.util.Calendar -> org.hibernate.type.CalendarType@11392934
11:20:02,918 DEBUG BasicTypeRegistry:145 - Adding type registration java.util.GregorianCalendar -> org.hibernate.type.CalendarType@11392934
11:20:02,918 DEBUG BasicTypeRegistry:145 - Adding type registration calendar_date -> org.hibernate.type.CalendarDateType@76a4ebf2
11:20:02,918 DEBUG BasicTypeRegistry:145 - Adding type registration locale -> org.hibernate.type.LocaleType@5b1669c0
11:20:02,918 DEBUG BasicTypeRegistry:145 - Adding type registration java.util.Locale -> org.hibernate.type.LocaleType@5b1669c0
11:20:02,918 DEBUG BasicTypeRegistry:145 - Adding type registration currency -> org.hibernate.type.CurrencyType@4b741d6d
11:20:02,918 DEBUG BasicTypeRegistry:145 - Adding type registration java.util.Currency -> org.hibernate.type.CurrencyType@4b741d6d
11:20:02,918 DEBUG BasicTypeRegistry:145 - Adding type registration timezone -> org.hibernate.type.TimeZoneType@7674f035
11:20:02,918 DEBUG BasicTypeRegistry:145 - Adding type registration java.util.TimeZone -> org.hibernate.type.TimeZoneType@7674f035
11:20:02,918 DEBUG BasicTypeRegistry:145 - Adding type registration class -> org.hibernate.type.ClassType@17f62e33
11:20:02,918 DEBUG BasicTypeRegistry:145 - Adding type registration java.lang.Class -> org.hibernate.type.ClassType@17f62e33
11:20:02,918 DEBUG BasicTypeRegistry:145 - Adding type registration uuid-binary -> org.hibernate.type.UUIDBinaryType@543295b0
11:20:02,918 DEBUG BasicTypeRegistry:145 - Adding type registration java.util.UUID -> org.hibernate.type.UUIDBinaryType@543295b0
11:20:02,918 DEBUG BasicTypeRegistry:145 - Adding type registration uuid-char -> org.hibernate.type.UUIDCharType@3e27ba32
11:20:02,918 DEBUG BasicTypeRegistry:145 - Adding type registration binary -> org.hibernate.type.BinaryType@1ca3b418
11:20:02,918 DEBUG BasicTypeRegistry:145 - Adding type registration byte[] -> org.hibernate.type.BinaryType@1ca3b418
11:20:02,918 DEBUG BasicTypeRegistry:145 - Adding type registration [B -> org.hibernate.type.BinaryType@1ca3b418
11:20:02,918 DEBUG BasicTypeRegistry:145 - Adding type registration wrapper-binary -> org.hibernate.type.WrapperBinaryType@7161d8d1
11:20:02,918 DEBUG BasicTypeRegistry:145 - Adding type registration Byte[] -> org.hibernate.type.WrapperBinaryType@7161d8d1
11:20:02,918 DEBUG BasicTypeRegistry:145 - Adding type registration [Ljava.lang.Byte; -> org.hibernate.type.WrapperBinaryType@7161d8d1
11:20:02,918 DEBUG BasicTypeRegistry:145 - Adding type registration row_version -> org.hibernate.type.RowVersionType@795509d9
11:20:02,918 DEBUG BasicTypeRegistry:145 - Adding type registration image -> org.hibernate.type.ImageType@4be29ed9
11:20:02,918 DEBUG BasicTypeRegistry:145 - Adding type registration characters -> org.hibernate.type.CharArrayType@33065d67
11:20:02,918 DEBUG BasicTypeRegistry:145 - Adding type registration char[] -> org.hibernate.type.CharArrayType@33065d67
11:20:02,918 DEBUG BasicTypeRegistry:145 - Adding type registration [C -> org.hibernate.type.CharArrayType@33065d67
11:20:02,934 DEBUG BasicTypeRegistry:145 - Adding type registration wrapper-characters -> org.hibernate.type.CharacterArrayType@350aac89
11:20:02,934 DEBUG BasicTypeRegistry:145 - Adding type registration [Ljava.lang.Character; -> org.hibernate.type.CharacterArrayType@350aac89
11:20:02,934 DEBUG BasicTypeRegistry:145 - Adding type registration Character[] -> org.hibernate.type.CharacterArrayType@350aac89
11:20:02,934 DEBUG BasicTypeRegistry:145 - Adding type registration text -> org.hibernate.type.TextType@4c60d6e9
11:20:02,934 DEBUG BasicTypeRegistry:145 - Adding type registration ntext -> org.hibernate.type.NTextType@7f485fda
11:20:02,934 DEBUG BasicTypeRegistry:145 - Adding type registration blob -> org.hibernate.type.BlobType@273444fe
11:20:02,934 DEBUG BasicTypeRegistry:145 - Adding type registration java.sql.Blob -> org.hibernate.type.BlobType@273444fe
11:20:02,934 DEBUG BasicTypeRegistry:145 - Adding type registration materialized_blob -> org.hibernate.type.MaterializedBlobType@5524cca1
11:20:02,934 DEBUG BasicTypeRegistry:145 - Adding type registration clob -> org.hibernate.type.ClobType@221a3fa4
11:20:02,934 DEBUG BasicTypeRegistry:145 - Adding type registration java.sql.Clob -> org.hibernate.type.ClobType@221a3fa4
11:20:02,934 DEBUG BasicTypeRegistry:145 - Adding type registration nclob -> org.hibernate.type.NClobType@2b30a42c
11:20:02,949 DEBUG BasicTypeRegistry:145 - Adding type registration java.sql.NClob -> org.hibernate.type.NClobType@2b30a42c
11:20:02,949 DEBUG BasicTypeRegistry:145 - Adding type registration materialized_clob -> org.hibernate.type.MaterializedClobType@43df23d3
11:20:02,949 DEBUG BasicTypeRegistry:145 - Adding type registration materialized_nclob -> org.hibernate.type.MaterializedNClobType@23e84203
11:20:02,949 DEBUG BasicTypeRegistry:145 - Adding type registration serializable -> org.hibernate.type.SerializableType@7ae0a9ec
11:20:02,949 DEBUG BasicTypeRegistry:145 - Adding type registration object -> org.hibernate.type.ObjectType@45d84a20
11:20:02,949 DEBUG BasicTypeRegistry:145 - Adding type registration java.lang.Object -> org.hibernate.type.ObjectType@45d84a20
11:20:02,949 DEBUG BasicTypeRegistry:145 - Adding type registration imm_date -> org.hibernate.type.AdaptedImmutableType@4a8355dd
11:20:02,949 DEBUG BasicTypeRegistry:145 - Adding type registration imm_time -> org.hibernate.type.AdaptedImmutableType@4d0d9fe7
11:20:02,949 DEBUG BasicTypeRegistry:145 - Adding type registration imm_timestamp -> org.hibernate.type.AdaptedImmutableType@c430e6c
11:20:02,949 DEBUG BasicTypeRegistry:145 - Adding type registration imm_dbtimestamp -> org.hibernate.type.AdaptedImmutableType@312aa7c
11:20:02,949 DEBUG BasicTypeRegistry:145 - Adding type registration imm_calendar -> org.hibernate.type.AdaptedImmutableType@536f2a7e
11:20:02,949 DEBUG BasicTypeRegistry:145 - Adding type registration imm_calendar_date -> org.hibernate.type.AdaptedImmutableType@72bc6553
11:20:02,949 DEBUG BasicTypeRegistry:145 - Adding type registration imm_binary -> org.hibernate.type.AdaptedImmutableType@66982506
11:20:02,949 DEBUG BasicTypeRegistry:145 - Adding type registration imm_serializable -> org.hibernate.type.AdaptedImmutableType@70cf32e3
11:20:02,965  WARN pooling:70 - HHH10001002: Using Hibernate built-in connection pool (not for production use!)
11:20:03,090  INFO pooling:126 - HHH10001005: using driver [com.mysql.jdbc.Driver] at URL [jdbc:mysql://localhost:3306/test]
11:20:03,090  INFO pooling:135 - HHH10001001: Connection properties: {user=root, password=****}
11:20:03,090  INFO pooling:140 - HHH10001003: Autocommit mode: false
11:20:03,090  INFO DriverManagerConnectionProviderImpl:41 - HHH000115: Hibernate connection pool size: 20 (min=1)
11:20:03,454  INFO Dialect:157 - HHH000400: Using dialect: org.hibernate.dialect.MySQLDialect
11:20:03,954 TRACE TypeFactory:58 - Scoping types to session factory org.hibernate.internal.SessionFactoryImpl@2b5f4d54
11:20:04,231  INFO access:47 - HHH10001501: Connection obtained from JdbcConnectionAccess [org.hibernate.engine.jdbc.env.internal.JdbcEnvironmentInitiator$ConnectionProviderJdbcConnectionAccess@6cea706c] for (non-JTA) DDL execution was not in auto-commit mode; the Connection 'local transaction' will be committed and the Connection will be set into auto-commit mode.
11:20:04,559  WARN ExceptionHandlerLoggedImpl:27 - GenerationTarget encountered exception accepting command : Error executing DDL via JDBC Statement
org.hibernate.tool.schema.spi.CommandAcceptanceException: Error executing DDL via JDBC Statement
	at org.hibernate.tool.schema.internal.exec.GenerationTargetToDatabase.accept(GenerationTargetToDatabase.java:67)
	at org.hibernate.tool.schema.internal.AbstractSchemaMigrator.applySqlString(AbstractSchemaMigrator.java:525)
	at org.hibernate.tool.schema.internal.AbstractSchemaMigrator.applySqlStrings(AbstractSchemaMigrator.java:470)
	at org.hibernate.tool.schema.internal.AbstractSchemaMigrator.createTable(AbstractSchemaMigrator.java:273)
	at org.hibernate.tool.schema.internal.GroupedSchemaMigratorImpl.performTablesMigration(GroupedSchemaMigratorImpl.java:71)
	at org.hibernate.tool.schema.internal.AbstractSchemaMigrator.performMigration(AbstractSchemaMigrator.java:203)
	at org.hibernate.tool.schema.internal.AbstractSchemaMigrator.doMigration(AbstractSchemaMigrator.java:110)
	at org.hibernate.tool.schema.spi.SchemaManagementToolCoordinator.performDatabaseAction(SchemaManagementToolCoordinator.java:183)
	at org.hibernate.tool.schema.spi.SchemaManagementToolCoordinator.process(SchemaManagementToolCoordinator.java:72)
	at org.hibernate.internal.SessionFactoryImpl.<init>(SessionFactoryImpl.java:309)
	at org.hibernate.boot.internal.SessionFactoryBuilderImpl.build(SessionFactoryBuilderImpl.java:445)
	at org.hibernate.boot.internal.MetadataImpl.buildSessionFactory(MetadataImpl.java:170)
	at com.yiibai.StoreData.main(StoreData.java:17)
Caused by: com.mysql.jdbc.exceptions.jdbc4.MySQLSyntaxErrorException: You have an error in your SQL syntax; check the manual that corresponds to your MySQL server version for the right syntax to use near 'type=MyISAM' at line 1
	at sun.reflect.NativeConstructorAccessorImpl.newInstance0(Native Method)
	at sun.reflect.NativeConstructorAccessorImpl.newInstance(NativeConstructorAccessorImpl.java:62)
	at sun.reflect.DelegatingConstructorAccessorImpl.newInstance(DelegatingConstructorAccessorImpl.java:45)
	at java.lang.reflect.Constructor.newInstance(Constructor.java:422)
	at com.mysql.jdbc.Util.handleNewInstance(Util.java:425)
	at com.mysql.jdbc.Util.getInstance(Util.java:408)
	at com.mysql.jdbc.SQLError.createSQLException(SQLError.java:943)
	at com.mysql.jdbc.MysqlIO.checkErrorPacket(MysqlIO.java:3970)
	at com.mysql.jdbc.MysqlIO.checkErrorPacket(MysqlIO.java:3906)
	at com.mysql.jdbc.MysqlIO.sendCommand(MysqlIO.java:2524)
	at com.mysql.jdbc.MysqlIO.sqlQueryDirect(MysqlIO.java:2677)
	at com.mysql.jdbc.ConnectionImpl.execSQL(ConnectionImpl.java:2545)
	at com.mysql.jdbc.ConnectionImpl.execSQL(ConnectionImpl.java:2503)
	at com.mysql.jdbc.StatementImpl.executeInternal(StatementImpl.java:839)
	at com.mysql.jdbc.StatementImpl.execute(StatementImpl.java:739)
	at org.hibernate.tool.schema.internal.exec.GenerationTargetToDatabase.accept(GenerationTargetToDatabase.java:54)
	... 12 more
11:20:04,669  WARN SqlExceptionHelper:129 - SQL Error: 1146, SQLState: 42S02
11:20:04,669 ERROR SqlExceptionHelper:131 - Table 'test.emp121' doesn't exist
11:22:21,653  INFO Version:45 - HHH000412: Hibernate Core {5.2.9.Final}
11:22:21,657  INFO Environment:213 - HHH000206: hibernate.properties not found
11:22:21,689  WARN deprecation:91 - HHH90000012: Recognized obsolete hibernate namespace http://hibernate.sourceforge.net/hibernate-configuration. Use namespace http://www.hibernate.org/dtd/hibernate-configuration instead.  Support for obsolete DTD/XSD namespaces may be removed at any time.
11:22:21,927  INFO SpatialService:43 - HHH80000001: hibernate-spatial integration enabled : true
11:22:21,980  INFO Version:66 - HCANN000001: Hibernate Commons Annotations {5.0.1.Final}
11:22:22,075  WARN deprecation:75 - HHH90000012: Recognized obsolete hibernate namespace http://hibernate.sourceforge.net/hibernate-mapping. Use namespace http://www.hibernate.org/dtd/hibernate-mapping instead.  Support for obsolete DTD/XSD namespaces may be removed at any time.
11:22:23,436 DEBUG BasicTypeRegistry:145 - Adding type registration boolean -> org.hibernate.type.BooleanType@4738a206
11:22:23,437 DEBUG BasicTypeRegistry:145 - Adding type registration boolean -> org.hibernate.type.BooleanType@4738a206
11:22:23,437 DEBUG BasicTypeRegistry:145 - Adding type registration java.lang.Boolean -> org.hibernate.type.BooleanType@4738a206
11:22:23,439 DEBUG BasicTypeRegistry:145 - Adding type registration numeric_boolean -> org.hibernate.type.NumericBooleanType@618425b5
11:22:23,441 DEBUG BasicTypeRegistry:145 - Adding type registration true_false -> org.hibernate.type.TrueFalseType@7c24b813
11:22:23,443 DEBUG BasicTypeRegistry:145 - Adding type registration yes_no -> org.hibernate.type.YesNoType@21e360a
11:22:23,445 DEBUG BasicTypeRegistry:145 - Adding type registration byte -> org.hibernate.type.ByteType@6fd83fc1
11:22:23,446 DEBUG BasicTypeRegistry:145 - Adding type registration byte -> org.hibernate.type.ByteType@6fd83fc1
11:22:23,446 DEBUG BasicTypeRegistry:145 - Adding type registration java.lang.Byte -> org.hibernate.type.ByteType@6fd83fc1
11:22:23,449 DEBUG BasicTypeRegistry:145 - Adding type registration character -> org.hibernate.type.CharacterType@1b2abca6
11:22:23,450 DEBUG BasicTypeRegistry:145 - Adding type registration char -> org.hibernate.type.CharacterType@1b2abca6
11:22:23,450 DEBUG BasicTypeRegistry:145 - Adding type registration java.lang.Character -> org.hibernate.type.CharacterType@1b2abca6
11:22:23,454 DEBUG BasicTypeRegistry:145 - Adding type registration short -> org.hibernate.type.ShortType@593aaf41
11:22:23,454 DEBUG BasicTypeRegistry:145 - Adding type registration short -> org.hibernate.type.ShortType@593aaf41
11:22:23,454 DEBUG BasicTypeRegistry:145 - Adding type registration java.lang.Short -> org.hibernate.type.ShortType@593aaf41
11:22:23,456 DEBUG BasicTypeRegistry:145 - Adding type registration integer -> org.hibernate.type.IntegerType@37d4349f
11:22:23,457 DEBUG BasicTypeRegistry:145 - Adding type registration int -> org.hibernate.type.IntegerType@37d4349f
11:22:23,457 DEBUG BasicTypeRegistry:145 - Adding type registration java.lang.Integer -> org.hibernate.type.IntegerType@37d4349f
11:22:23,459 DEBUG BasicTypeRegistry:145 - Adding type registration long -> org.hibernate.type.LongType@3c7f66c4
11:22:23,459 DEBUG BasicTypeRegistry:145 - Adding type registration long -> org.hibernate.type.LongType@3c7f66c4
11:22:23,460 DEBUG BasicTypeRegistry:145 - Adding type registration java.lang.Long -> org.hibernate.type.LongType@3c7f66c4
11:22:23,462 DEBUG BasicTypeRegistry:145 - Adding type registration float -> org.hibernate.type.FloatType@3e11f9e9
11:22:23,463 DEBUG BasicTypeRegistry:145 - Adding type registration float -> org.hibernate.type.FloatType@3e11f9e9
11:22:23,463 DEBUG BasicTypeRegistry:145 - Adding type registration java.lang.Float -> org.hibernate.type.FloatType@3e11f9e9
11:22:23,466 DEBUG BasicTypeRegistry:145 - Adding type registration double -> org.hibernate.type.DoubleType@4dbb42b7
11:22:23,467 DEBUG BasicTypeRegistry:145 - Adding type registration double -> org.hibernate.type.DoubleType@4dbb42b7
11:22:23,467 DEBUG BasicTypeRegistry:145 - Adding type registration java.lang.Double -> org.hibernate.type.DoubleType@4dbb42b7
11:22:23,469 DEBUG BasicTypeRegistry:145 - Adding type registration big_decimal -> org.hibernate.type.BigDecimalType@3cebbb30
11:22:23,469 DEBUG BasicTypeRegistry:145 - Adding type registration java.math.BigDecimal -> org.hibernate.type.BigDecimalType@3cebbb30
11:22:23,471 DEBUG BasicTypeRegistry:145 - Adding type registration big_integer -> org.hibernate.type.BigIntegerType@49049a04
11:22:23,471 DEBUG BasicTypeRegistry:145 - Adding type registration java.math.BigInteger -> org.hibernate.type.BigIntegerType@49049a04
11:22:23,474 DEBUG BasicTypeRegistry:145 - Adding type registration string -> org.hibernate.type.StringType@51e69659
11:22:23,474 DEBUG BasicTypeRegistry:145 - Adding type registration java.lang.String -> org.hibernate.type.StringType@51e69659
11:22:23,475 DEBUG BasicTypeRegistry:145 - Adding type registration nstring -> org.hibernate.type.StringNVarcharType@54a7079e
11:22:23,476 DEBUG BasicTypeRegistry:145 - Adding type registration ncharacter -> org.hibernate.type.CharacterNCharType@1b11171f
11:22:23,477 DEBUG BasicTypeRegistry:145 - Adding type registration url -> org.hibernate.type.UrlType@4b0d79fc
11:22:23,477 DEBUG BasicTypeRegistry:145 - Adding type registration java.net.URL -> org.hibernate.type.UrlType@4b0d79fc
11:22:23,479 DEBUG BasicTypeRegistry:145 - Adding type registration Duration -> org.hibernate.type.DurationType@29215f06
11:22:23,479 DEBUG BasicTypeRegistry:145 - Adding type registration java.time.Duration -> org.hibernate.type.DurationType@29215f06
11:22:23,496 DEBUG BasicTypeRegistry:145 - Adding type registration Instant -> org.hibernate.type.InstantType@5e600dd5
11:22:23,496 DEBUG BasicTypeRegistry:145 - Adding type registration java.time.Instant -> org.hibernate.type.InstantType@5e600dd5
11:22:23,499 DEBUG BasicTypeRegistry:145 - Adding type registration LocalDateTime -> org.hibernate.type.LocalDateTimeType@4d5650ae
11:22:23,500 DEBUG BasicTypeRegistry:145 - Adding type registration java.time.LocalDateTime -> org.hibernate.type.LocalDateTimeType@4d5650ae
11:22:23,501 DEBUG BasicTypeRegistry:145 - Adding type registration LocalDate -> org.hibernate.type.LocalDateType@3012646b
11:22:23,502 DEBUG BasicTypeRegistry:145 - Adding type registration java.time.LocalDate -> org.hibernate.type.LocalDateType@3012646b
11:22:23,503 DEBUG BasicTypeRegistry:145 - Adding type registration LocalTime -> org.hibernate.type.LocalTimeType@18df8434
11:22:23,503 DEBUG BasicTypeRegistry:145 - Adding type registration java.time.LocalTime -> org.hibernate.type.LocalTimeType@18df8434
11:22:23,505 DEBUG BasicTypeRegistry:145 - Adding type registration OffsetDateTime -> org.hibernate.type.OffsetDateTimeType@1e0b4072
11:22:23,505 DEBUG BasicTypeRegistry:145 - Adding type registration java.time.OffsetDateTime -> org.hibernate.type.OffsetDateTimeType@1e0b4072
11:22:23,507 DEBUG BasicTypeRegistry:145 - Adding type registration OffsetTime -> org.hibernate.type.OffsetTimeType@e350b40
11:22:23,507 DEBUG BasicTypeRegistry:145 - Adding type registration java.time.OffsetTime -> org.hibernate.type.OffsetTimeType@e350b40
11:22:23,511 DEBUG BasicTypeRegistry:145 - Adding type registration ZonedDateTime -> org.hibernate.type.ZonedDateTimeType@738dc9b
11:22:23,511 DEBUG BasicTypeRegistry:145 - Adding type registration java.time.ZonedDateTime -> org.hibernate.type.ZonedDateTimeType@738dc9b
11:22:23,513 DEBUG BasicTypeRegistry:145 - Adding type registration date -> org.hibernate.type.DateType@3646a422
11:22:23,513 DEBUG BasicTypeRegistry:145 - Adding type registration java.sql.Date -> org.hibernate.type.DateType@3646a422
11:22:23,516 DEBUG BasicTypeRegistry:145 - Adding type registration time -> org.hibernate.type.TimeType@298a5e20
11:22:23,516 DEBUG BasicTypeRegistry:145 - Adding type registration java.sql.Time -> org.hibernate.type.TimeType@298a5e20
11:22:23,517 DEBUG BasicTypeRegistry:145 - Adding type registration timestamp -> org.hibernate.type.TimestampType@26d9b808
11:22:23,518 DEBUG BasicTypeRegistry:145 - Adding type registration java.sql.Timestamp -> org.hibernate.type.TimestampType@26d9b808
11:22:23,518 DEBUG BasicTypeRegistry:145 - Adding type registration java.util.Date -> org.hibernate.type.TimestampType@26d9b808
11:22:23,519 DEBUG BasicTypeRegistry:145 - Adding type registration dbtimestamp -> org.hibernate.type.DbTimestampType@7526515b
11:22:23,521 DEBUG BasicTypeRegistry:145 - Adding type registration calendar -> org.hibernate.type.CalendarType@11392934
11:22:23,521 DEBUG BasicTypeRegistry:145 - Adding type registration java.util.Calendar -> org.hibernate.type.CalendarType@11392934
11:22:23,521 DEBUG BasicTypeRegistry:145 - Adding type registration java.util.GregorianCalendar -> org.hibernate.type.CalendarType@11392934
11:22:23,522 DEBUG BasicTypeRegistry:145 - Adding type registration calendar_date -> org.hibernate.type.CalendarDateType@76a4ebf2
11:22:23,523 DEBUG BasicTypeRegistry:145 - Adding type registration locale -> org.hibernate.type.LocaleType@5b1669c0
11:22:23,523 DEBUG BasicTypeRegistry:145 - Adding type registration java.util.Locale -> org.hibernate.type.LocaleType@5b1669c0
11:22:23,524 DEBUG BasicTypeRegistry:145 - Adding type registration currency -> org.hibernate.type.CurrencyType@4b741d6d
11:22:23,524 DEBUG BasicTypeRegistry:145 - Adding type registration java.util.Currency -> org.hibernate.type.CurrencyType@4b741d6d
11:22:23,525 DEBUG BasicTypeRegistry:145 - Adding type registration timezone -> org.hibernate.type.TimeZoneType@7674f035
11:22:23,525 DEBUG BasicTypeRegistry:145 - Adding type registration java.util.TimeZone -> org.hibernate.type.TimeZoneType@7674f035
11:22:23,526 DEBUG BasicTypeRegistry:145 - Adding type registration class -> org.hibernate.type.ClassType@17f62e33
11:22:23,526 DEBUG BasicTypeRegistry:145 - Adding type registration java.lang.Class -> org.hibernate.type.ClassType@17f62e33
11:22:23,528 DEBUG BasicTypeRegistry:145 - Adding type registration uuid-binary -> org.hibernate.type.UUIDBinaryType@543295b0
11:22:23,528 DEBUG BasicTypeRegistry:145 - Adding type registration java.util.UUID -> org.hibernate.type.UUIDBinaryType@543295b0
11:22:23,529 DEBUG BasicTypeRegistry:145 - Adding type registration uuid-char -> org.hibernate.type.UUIDCharType@3e27ba32
11:22:23,530 DEBUG BasicTypeRegistry:145 - Adding type registration binary -> org.hibernate.type.BinaryType@1ca3b418
11:22:23,530 DEBUG BasicTypeRegistry:145 - Adding type registration byte[] -> org.hibernate.type.BinaryType@1ca3b418
11:22:23,530 DEBUG BasicTypeRegistry:145 - Adding type registration [B -> org.hibernate.type.BinaryType@1ca3b418
11:22:23,531 DEBUG BasicTypeRegistry:145 - Adding type registration wrapper-binary -> org.hibernate.type.WrapperBinaryType@7161d8d1
11:22:23,531 DEBUG BasicTypeRegistry:145 - Adding type registration Byte[] -> org.hibernate.type.WrapperBinaryType@7161d8d1
11:22:23,531 DEBUG BasicTypeRegistry:145 - Adding type registration [Ljava.lang.Byte; -> org.hibernate.type.WrapperBinaryType@7161d8d1
11:22:23,533 DEBUG BasicTypeRegistry:145 - Adding type registration row_version -> org.hibernate.type.RowVersionType@795509d9
11:22:23,534 DEBUG BasicTypeRegistry:145 - Adding type registration image -> org.hibernate.type.ImageType@4be29ed9
11:22:23,535 DEBUG BasicTypeRegistry:145 - Adding type registration characters -> org.hibernate.type.CharArrayType@33065d67
11:22:23,535 DEBUG BasicTypeRegistry:145 - Adding type registration char[] -> org.hibernate.type.CharArrayType@33065d67
11:22:23,535 DEBUG BasicTypeRegistry:145 - Adding type registration [C -> org.hibernate.type.CharArrayType@33065d67
11:22:23,536 DEBUG BasicTypeRegistry:145 - Adding type registration wrapper-characters -> org.hibernate.type.CharacterArrayType@350aac89
11:22:23,536 DEBUG BasicTypeRegistry:145 - Adding type registration [Ljava.lang.Character; -> org.hibernate.type.CharacterArrayType@350aac89
11:22:23,536 DEBUG BasicTypeRegistry:145 - Adding type registration Character[] -> org.hibernate.type.CharacterArrayType@350aac89
11:22:23,538 DEBUG BasicTypeRegistry:145 - Adding type registration text -> org.hibernate.type.TextType@4c60d6e9
11:22:23,538 DEBUG BasicTypeRegistry:145 - Adding type registration ntext -> org.hibernate.type.NTextType@7f485fda
11:22:23,544 DEBUG BasicTypeRegistry:145 - Adding type registration blob -> org.hibernate.type.BlobType@273444fe
11:22:23,544 DEBUG BasicTypeRegistry:145 - Adding type registration java.sql.Blob -> org.hibernate.type.BlobType@273444fe
11:22:23,545 DEBUG BasicTypeRegistry:145 - Adding type registration materialized_blob -> org.hibernate.type.MaterializedBlobType@5524cca1
11:22:23,551 DEBUG BasicTypeRegistry:145 - Adding type registration clob -> org.hibernate.type.ClobType@221a3fa4
11:22:23,552 DEBUG BasicTypeRegistry:145 - Adding type registration java.sql.Clob -> org.hibernate.type.ClobType@221a3fa4
11:22:23,557 DEBUG BasicTypeRegistry:145 - Adding type registration nclob -> org.hibernate.type.NClobType@2b30a42c
11:22:23,557 DEBUG BasicTypeRegistry:145 - Adding type registration java.sql.NClob -> org.hibernate.type.NClobType@2b30a42c
11:22:23,557 DEBUG BasicTypeRegistry:145 - Adding type registration materialized_clob -> org.hibernate.type.MaterializedClobType@43df23d3
11:22:23,558 DEBUG BasicTypeRegistry:145 - Adding type registration materialized_nclob -> org.hibernate.type.MaterializedNClobType@23e84203
11:22:23,559 DEBUG BasicTypeRegistry:145 - Adding type registration serializable -> org.hibernate.type.SerializableType@7ae0a9ec
11:22:23,562 DEBUG BasicTypeRegistry:145 - Adding type registration object -> org.hibernate.type.ObjectType@45d84a20
11:22:23,563 DEBUG BasicTypeRegistry:145 - Adding type registration java.lang.Object -> org.hibernate.type.ObjectType@45d84a20
11:22:23,563 DEBUG BasicTypeRegistry:145 - Adding type registration imm_date -> org.hibernate.type.AdaptedImmutableType@4a8355dd
11:22:23,563 DEBUG BasicTypeRegistry:145 - Adding type registration imm_time -> org.hibernate.type.AdaptedImmutableType@4d0d9fe7
11:22:23,563 DEBUG BasicTypeRegistry:145 - Adding type registration imm_timestamp -> org.hibernate.type.AdaptedImmutableType@c430e6c
11:22:23,564 DEBUG BasicTypeRegistry:145 - Adding type registration imm_dbtimestamp -> org.hibernate.type.AdaptedImmutableType@312aa7c
11:22:23,564 DEBUG BasicTypeRegistry:145 - Adding type registration imm_calendar -> org.hibernate.type.AdaptedImmutableType@536f2a7e
11:22:23,564 DEBUG BasicTypeRegistry:145 - Adding type registration imm_calendar_date -> org.hibernate.type.AdaptedImmutableType@72bc6553
11:22:23,564 DEBUG BasicTypeRegistry:145 - Adding type registration imm_binary -> org.hibernate.type.AdaptedImmutableType@66982506
11:22:23,564 DEBUG BasicTypeRegistry:145 - Adding type registration imm_serializable -> org.hibernate.type.AdaptedImmutableType@70cf32e3
11:22:23,576  WARN pooling:70 - HHH10001002: Using Hibernate built-in connection pool (not for production use!)
11:22:23,593  INFO pooling:126 - HHH10001005: using driver [com.mysql.jdbc.Driver] at URL [jdbc:mysql://localhost:3306/test]
11:22:23,594  INFO pooling:135 - HHH10001001: Connection properties: {user=root, password=****}
11:22:23,594  INFO pooling:140 - HHH10001003: Autocommit mode: false
11:22:23,598  INFO DriverManagerConnectionProviderImpl:41 - HHH000115: Hibernate connection pool size: 20 (min=1)
11:22:23,986  INFO Dialect:157 - HHH000400: Using dialect: org.hibernate.dialect.MySQL5InnoDBDialect
11:22:24,584 TRACE TypeFactory:58 - Scoping types to session factory org.hibernate.internal.SessionFactoryImpl@3a1dd365
11:22:24,866  INFO access:47 - HHH10001501: Connection obtained from JdbcConnectionAccess [org.hibernate.engine.jdbc.env.internal.JdbcEnvironmentInitiator$ConnectionProviderJdbcConnectionAccess@21ec5d87] for (non-JTA) DDL execution was not in auto-commit mode; the Connection 'local transaction' will be committed and the Connection will be set into auto-commit mode.
11:22:25,553 TRACE BasicBinder:65 - binding parameter [1] as [VARCHAR] - [sonoo]
11:22:25,554 TRACE BasicBinder:65 - binding parameter [2] as [INTEGER] - [1]
11:22:25,557 TRACE BasicBinder:65 - binding parameter [1] as [VARCHAR] - [Vivek Kumar]
11:22:25,558 TRACE BasicBinder:65 - binding parameter [2] as [FLOAT] - [50000.0]
11:22:25,558 TRACE BasicBinder:65 - binding parameter [3] as [INTEGER] - [5]
11:22:25,559 TRACE BasicBinder:65 - binding parameter [4] as [INTEGER] - [2]
11:22:25,560 TRACE BasicBinder:65 - binding parameter [1] as [VARCHAR] - [Arjun Kumar]
11:22:25,561 TRACE BasicBinder:65 - binding parameter [2] as [FLOAT] - [1000.0]
11:22:25,561 TRACE BasicBinder:65 - binding parameter [3] as [VARCHAR] - [15 hours]
11:22:25,561 TRACE BasicBinder:65 - binding parameter [4] as [INTEGER] - [3]
